<?xml version="1.0" encoding="UTF-8"?>
<!-- Generated by org.testng.reporters.JUnitXMLReporter -->
<testsuite ignored="1" hostname="DESKTOP-7SU4C42" failures="0" tests="7" name="Default test" time="39.589" errors="0" timestamp="2023-10-26T18:55:23 EET">
  <testcase classname="testcases" name="CheckTheHotel" time="6.139"/>
  <testcase classname="testcases" name="CheckTheHotel" time="6.967"/>
  <testcase classname="testcases" name="CheckTheHotel" time="5.533"/>
  <testcase classname="testcases" name="CheckTheHotel" time="4.843"/>
  <testcase classname="testcases" name="CheckTheHotel" time="6.845"/>
  <testcase classname="testcases" name="checkTheContactNumber" time="0.081"/>
  <testcase classname="testcases" name="checkTheCurrency" time="3.588"/>
  <testcase classname="testcases" name="CheckTheLanguage" time="0.0">
    <ignored/>
  </testcase> <!-- CheckTheLanguage -->
</testsuite> <!-- Default test -->
