<?xml version="1.0" encoding="UTF-8"?>
<testng-results ignored="1" total="8" passed="7" failed="0" skipped="0">
  <reporter-output>
  </reporter-output>
  <suite started-at="2023-10-26T18:54:43 EET" name="Default suite" finished-at="2023-10-26T18:55:23 EET" duration-ms="39589">
    <groups>
      <group name="high">
        <method signature="testcases.checkTheContactNumber()[pri:0, instance:testcases@c00fff0]" name="checkTheContactNumber" class="testcases"/>
      </group> <!-- high -->
      <group name="low">
        <method signature="testcases.checkTheCurrency()[pri:0, instance:testcases@c00fff0]" name="checkTheCurrency" class="testcases"/>
      </group> <!-- low -->
    </groups>
    <test started-at="2023-10-26T18:54:43 EET" name="Default test" finished-at="2023-10-26T18:55:23 EET" duration-ms="39589">
      <class name="testcases">
        <test-method is-config="true" signature="mySetup()[pri:0, instance:testcases@c00fff0]" started-at="2023-10-26T18:54:43 EET" name="mySetup" finished-at="2023-10-26T18:54:48 EET" duration-ms="5509" status="PASS">
          <reporter-output>
          </reporter-output>
        </test-method> <!-- mySetup -->
        <test-method signature="CheckTheHotel()[pri:0, instance:testcases@c00fff0]" started-at="2023-10-26T18:54:49 EET" name="CheckTheHotel" finished-at="2023-10-26T18:54:55 EET" duration-ms="6139" status="PASS">
          <reporter-output>
          </reporter-output>
        </test-method> <!-- CheckTheHotel -->
        <test-method signature="CheckTheHotel()[pri:0, instance:testcases@c00fff0]" started-at="2023-10-26T18:54:55 EET" name="CheckTheHotel" finished-at="2023-10-26T18:55:02 EET" duration-ms="6967" status="PASS">
          <reporter-output>
          </reporter-output>
        </test-method> <!-- CheckTheHotel -->
        <test-method signature="CheckTheHotel()[pri:0, instance:testcases@c00fff0]" started-at="2023-10-26T18:55:02 EET" name="CheckTheHotel" finished-at="2023-10-26T18:55:07 EET" duration-ms="5533" status="PASS">
          <reporter-output>
          </reporter-output>
        </test-method> <!-- CheckTheHotel -->
        <test-method signature="CheckTheHotel()[pri:0, instance:testcases@c00fff0]" started-at="2023-10-26T18:55:07 EET" name="CheckTheHotel" finished-at="2023-10-26T18:55:12 EET" duration-ms="4843" status="PASS">
          <reporter-output>
          </reporter-output>
        </test-method> <!-- CheckTheHotel -->
        <test-method signature="CheckTheHotel()[pri:0, instance:testcases@c00fff0]" started-at="2023-10-26T18:55:12 EET" name="CheckTheHotel" finished-at="2023-10-26T18:55:19 EET" duration-ms="6845" status="PASS">
          <reporter-output>
          </reporter-output>
        </test-method> <!-- CheckTheHotel -->
        <test-method signature="checkTheContactNumber()[pri:0, instance:testcases@c00fff0]" started-at="2023-10-26T18:55:19 EET" name="checkTheContactNumber" finished-at="2023-10-26T18:55:19 EET" duration-ms="81" status="PASS">
          <reporter-output>
          </reporter-output>
        </test-method> <!-- checkTheContactNumber -->
        <test-method signature="checkTheCurrency()[pri:0, instance:testcases@c00fff0]" started-at="2023-10-26T18:55:19 EET" name="checkTheCurrency" finished-at="2023-10-26T18:55:23 EET" duration-ms="3588" status="PASS">
          <reporter-output>
          </reporter-output>
        </test-method> <!-- checkTheCurrency -->
        <test-method is-config="true" signature="postTesting()[pri:0, instance:testcases@c00fff0]" started-at="2023-10-26T18:55:23 EET" name="postTesting" finished-at="2023-10-26T18:55:23 EET" duration-ms="1" status="PASS">
          <reporter-output>
          </reporter-output>
        </test-method> <!-- postTesting -->
      </class> <!-- testcases -->
    </test> <!-- Default test -->
  </suite> <!-- Default suite -->
</testng-results>
